<?xml version="1.0" encoding="UTF-8"?>
<testsuite name="Cucumber" time="10.747" tests="3" skipped="0" failures="0" errors="0">
<testcase classname="Project Document file" name="Facebook Test - Example #1.1" time="4.513">
<system-out><![CDATA[
Given i open "chrome" and open url "https://www.facebook.com/"..............passed
When i enter userid aaa and password aaa....................................passed
And submit form.............................................................passed
Then check status...........................................................passed
]]></system-out>
</testcase>
<testcase classname="Project Document file" name="Facebook Test - Example #1.2" time="3.008">
<system-out><![CDATA[
Given i open "chrome" and open url "https://www.facebook.com/"..............passed
When i enter userid bbb and password bbb....................................passed
And submit form.............................................................passed
Then check status...........................................................passed
]]></system-out>
</testcase>
<testcase classname="Project Document file" name="Facebook Test - Example #1.3" time="2.847">
<system-out><![CDATA[
Given i open "chrome" and open url "https://www.facebook.com/"..............passed
When i enter userid ccc and password ccc....................................passed
And submit form.............................................................passed
Then check status...........................................................passed
]]></system-out>
</testcase>
</testsuite>
